<?xml version="1.0" encoding="UTF-8"?>
<!-- Generated by org.testng.reporters.JUnitReportReporter -->
<testsuite skipped="0" hostname="DESKTOP-F290SUV" name="SeleniumFramework.VedaLinkClick.VedaLink" tests="1" failures="0" timestamp="08 Feb 2023 13:02:59 GMT" time="10.710" errors="0">
  <testcase name="ClickLink" time="10.710" classname="SeleniumFramework.VedaLinkClick.VedaLink"/>
</testsuite> <!-- SeleniumFramework.VedaLinkClick.VedaLink -->
