<?xml version="1.0" encoding="UTF-8"?>
<!-- Generated by org.testng.reporters.JUnitReportReporter -->
<testsuite skipped="0" hostname="DESKTOP-F290SUV" name="SeleniumFramework.VedaLinkClick.VedaLink" tests="1" failures="0" timestamp="09 Feb 2023 11:11:20 GMT" time="9.994" errors="0">
  <testcase name="ClickLink" time="9.994" classname="SeleniumFramework.VedaLinkClick.VedaLink"/>
</testsuite> <!-- SeleniumFramework.VedaLinkClick.VedaLink -->
